# JRE version: OpenJDK Runtime Environment (17.0.13+11) (build 17.0.13+11-Ubuntu-2ubuntu122.04)
# Java VM: OpenJDK 64-Bit Server VM (17.0.13+11-Ubuntu-2ubuntu122.04, mixed mode, sharing, tiered, compressed oops, compressed class ptrs, g1 gc, linux-amd64)
Heap:
 garbage-first heap   total 118784K, used 86481K [0x00000000e0000000, 0x0000000100000000)
  region size 1024K, 64 young (65536K), 1 survivors (1024K)
 Metaspace       used 31086K, committed 31360K, reserved 1114112K
  class space    used 3239K, committed 3392K, reserved 1048576K
GC Heap History (20 events):
Event: 4.805 GC heap before
{Heap before GC invocations=3 (full 0):
 garbage-first heap   total 40960K, used 27104K [0x00000000e0000000, 0x0000000100000000)
  region size 1024K, 24 young (24576K), 6 survivors (6144K)
 Metaspace       used 28074K, committed 28352K, reserved 1114112K
  class space    used 3009K, committed 3136K, reserved 1048576K
}
Event: 4.815 GC heap after
{Heap after GC invocations=4 (full 0):
 garbage-first heap   total 40960K, used 11409K [0x00000000e0000000, 0x0000000100000000)
  region size 1024K, 3 young (3072K), 3 survivors (3072K)
 Metaspace       used 28074K, committed 28352K, reserved 1114112K
  class space    used 3009K, committed 3136K, reserved 1048576K
}
Event: 4.817 GC heap before
{Heap before GC invocations=4 (full 0):
 garbage-first heap   total 40960K, used 12433K [0x00000000e0000000, 0x0000000100000000)
  region size 1024K, 4 young (4096K), 3 survivors (3072K)
 Metaspace       used 28076K, committed 28352K, reserved 1114112K
  class space    used 3009K, committed 3136K, reserved 1048576K
}
Event: 4.818 GC heap after
{Heap after GC invocations=5 (full 0):
 garbage-first heap   total 40960K, used 11416K [0x00000000e0000000, 0x0000000100000000)
  region size 1024K, 1 young (1024K), 1 survivors (1024K)
 Metaspace       used 28076K, committed 28352K, reserved 1114112K
  class space    used 3009K, committed 3136K, reserved 1048576K
}
Event: 5.060 GC heap before
{Heap before GC invocations=5 (full 0):
 garbage-first heap   total 40960K, used 16536K [0x00000000e0000000, 0x0000000100000000)
  region size 1024K, 8 young (8192K), 1 survivors (1024K)
 Metaspace       used 29331K, committed 29568K, reserved 1114112K
  class space    used 3132K, committed 3264K, reserved 1048576K
}
Event: 5.062 GC heap after
{Heap after GC invocations=6 (full 0):
 garbage-first heap   total 40960K, used 12022K [0x00000000e0000000, 0x0000000100000000)
  region size 1024K, 1 young (1024K), 1 survivors (1024K)
 Metaspace       used 29331K, committed 29568K, reserved 1114112K
  class space    used 3132K, committed 3264K, reserved 1048576K
}
Event: 5.203 GC heap before
{Heap before GC invocations=6 (full 0):
 garbage-first heap   total 40960K, used 33526K [0x00000000e0000000, 0x0000000100000000)
  region size 1024K, 16 young (16384K), 1 survivors (1024K)
 Metaspace       used 29342K, committed 29632K, reserved 1114112K
  class space    used 3132K, committed 3264K, reserved 1048576K
}
Event: 5.204 GC heap after
{Heap after GC invocations=7 (full 0):
 garbage-first heap   total 40960K, used 19115K [0x00000000e0000000, 0x0000000100000000)
  region size 1024K, 1 young (1024K), 1 survivors (1024K)
 Metaspace       used 29342K, committed 29632K, reserved 1114112K
  class space    used 3132K, committed 3264K, reserved 1048576K
}
Event: 5.210 GC heap before
{Heap before GC invocations=7 (full 0):
 garbage-first heap   total 40960K, used 29355K [0x00000000e0000000, 0x0000000100000000)
  region size 1024K, 11 young (11264K), 1 survivors (1024K)
 Metaspace       used 29342K, committed 29632K, reserved 1114112K
  class space    used 3132K, committed 3264K, reserved 1048576K
}
Event: 5.212 GC heap after
{Heap after GC invocations=8 (full 0):
 garbage-first heap   total 40960K, used 19096K [0x00000000e0000000, 0x0000000100000000)
  region size 1024K, 1 young (1024K), 1 survivors (1024K)
 Metaspace       used 29342K, committed 29632K, reserved 1114112K
  class space    used 3132K, committed 3264K, reserved 1048576K
}
Event: 5.222 GC heap before
{Heap before GC invocations=9 (full 0):
 garbage-first heap   total 46080K, used 30360K [0x00000000e0000000, 0x0000000100000000)
  region size 1024K, 12 young (12288K), 1 survivors (1024K)
 Metaspace       used 29342K, committed 29632K, reserved 1114112K
  class space    used 3132K, committed 3264K, reserved 1048576K
}
Event: 5.223 GC heap after
{Heap after GC invocations=10 (full 0):
 garbage-first heap   total 46080K, used 19089K [0x00000000e0000000, 0x0000000100000000)
  region size 1024K, 1 young (1024K), 1 survivors (1024K)
 Metaspace       used 29342K, committed 29632K, reserved 1114112K
  class space    used 3132K, committed 3264K, reserved 1048576K
}
Event: 5.245 GC heap before
{Heap before GC invocations=10 (full 0):
 garbage-first heap   total 46080K, used 27281K [0x00000000e0000000, 0x0000000100000000)
  region size 1024K, 10 young (10240K), 1 survivors (1024K)
 Metaspace       used 29342K, committed 29632K, reserved 1114112K
  class space    used 3132K, committed 3264K, reserved 1048576K
}
Event: 5.247 GC heap after
{Heap after GC invocations=11 (full 0):
 garbage-first heap   total 118784K, used 11938K [0x00000000e0000000, 0x0000000100000000)
  region size 1024K, 1 young (1024K), 1 survivors (1024K)
 Metaspace       used 29342K, committed 29632K, reserved 1114112K
  class space    used 3132K, committed 3264K, reserved 1048576K
}
Event: 5.471 GC heap before
{Heap before GC invocations=11 (full 0):
 garbage-first heap   total 118784K, used 92834K [0x00000000e0000000, 0x0000000100000000)
  region size 1024K, 69 young (70656K), 1 survivors (1024K)
 Metaspace       used 29445K, committed 29760K, reserved 1114112K
  class space    used 3143K, committed 3264K, reserved 1048576K
}
Event: 5.476 GC heap after
{Heap after GC invocations=12 (full 0):
 garbage-first heap   total 118784K, used 16039K [0x00000000e0000000, 0x0000000100000000)
  region size 1024K, 1 young (1024K), 1 survivors (1024K)
 Metaspace       used 29445K, committed 29760K, reserved 1114112K
  class space    used 3143K, committed 3264K, reserved 1048576K
}
Event: 5.585 GC heap before
{Heap before GC invocations=12 (full 0):
 garbage-first heap   total 118784K, used 97959K [0x00000000e0000000, 0x0000000100000000)
  region size 1024K, 69 young (70656K), 1 survivors (1024K)
 Metaspace       used 29449K, committed 29760K, reserved 1114112K
  class space    used 3143K, committed 3264K, reserved 1048576K
}
Event: 5.586 GC heap after
{Heap after GC invocations=13 (full 0):
 garbage-first heap   total 118784K, used 16023K [0x00000000e0000000, 0x0000000100000000)
  region size 1024K, 1 young (1024K), 1 survivors (1024K)
 Metaspace       used 29449K, committed 29760K, reserved 1114112K
  class space    used 3143K, committed 3264K, reserved 1048576K
}
Event: 5.680 GC heap before
{Heap before GC invocations=13 (full 0):
 garbage-first heap   total 118784K, used 93847K [0x00000000e0000000, 0x0000000100000000)
  region size 1024K, 69 young (70656K), 1 survivors (1024K)
 Metaspace       used 29449K, committed 29760K, reserved 1114112K
  class space    used 3143K, committed 3264K, reserved 1048576K
}
Event: 5.681 GC heap after
{Heap after GC invocations=14 (full 0):
 garbage-first heap   total 118784K, used 16037K [0x00000000e0000000, 0x0000000100000000)
  region size 1024K, 1 young (1024K), 1 survivors (1024K)
 Metaspace       used 29449K, committed 29760K, reserved 1114112K
  class space    used 3143K, committed 3264K, reserved 1048576K
}

