# JRE version: OpenJDK Runtime Environment (17.0.13+11) (build 17.0.13+11-Ubuntu-2ubuntu122.04)
# Java VM: OpenJDK 64-Bit Server VM (17.0.13+11-Ubuntu-2ubuntu122.04, mixed mode, sharing, tiered, compressed oops, compressed class ptrs, g1 gc, linux-amd64)
Heap:
 garbage-first heap   total 90112K, used 50487K [0x00000000e0000000, 0x0000000100000000)
  region size 1024K, 31 young (31744K), 1 survivors (1024K)
 Metaspace       used 31873K, committed 32192K, reserved 1114112K
  class space    used 3265K, committed 3392K, reserved 1048576K
GC Heap History (20 events):
Event: 372.833 GC heap before
{Heap before GC invocations=72 (full 0):
 garbage-first heap   total 90112K, used 71986K [0x00000000e0000000, 0x0000000100000000)
  region size 1024K, 52 young (53248K), 1 survivors (1024K)
 Metaspace       used 31777K, committed 32064K, reserved 1114112K
  class space    used 3261K, committed 3392K, reserved 1048576K
}
Event: 372.834 GC heap after
{Heap after GC invocations=73 (full 0):
 garbage-first heap   total 90112K, used 19748K [0x00000000e0000000, 0x0000000100000000)
  region size 1024K, 1 young (1024K), 1 survivors (1024K)
 Metaspace       used 31777K, committed 32064K, reserved 1114112K
  class space    used 3261K, committed 3392K, reserved 1048576K
}
Event: 379.442 GC heap before
{Heap before GC invocations=73 (full 0):
 garbage-first heap   total 90112K, used 70948K [0x00000000e0000000, 0x0000000100000000)
  region size 1024K, 52 young (53248K), 1 survivors (1024K)
 Metaspace       used 31777K, committed 32064K, reserved 1114112K
  class space    used 3261K, committed 3392K, reserved 1048576K
}
Event: 379.445 GC heap after
{Heap after GC invocations=74 (full 0):
 garbage-first heap   total 90112K, used 19768K [0x00000000e0000000, 0x0000000100000000)
  region size 1024K, 1 young (1024K), 1 survivors (1024K)
 Metaspace       used 31777K, committed 32064K, reserved 1114112K
  class space    used 3261K, committed 3392K, reserved 1048576K
}
Event: 386.932 GC heap before
{Heap before GC invocations=74 (full 0):
 garbage-first heap   total 90112K, used 70968K [0x00000000e0000000, 0x0000000100000000)
  region size 1024K, 52 young (53248K), 1 survivors (1024K)
 Metaspace       used 31826K, committed 32064K, reserved 1114112K
  class space    used 3261K, committed 3392K, reserved 1048576K
}
Event: 386.935 GC heap after
{Heap after GC invocations=75 (full 0):
 garbage-first heap   total 90112K, used 19762K [0x00000000e0000000, 0x0000000100000000)
  region size 1024K, 1 young (1024K), 1 survivors (1024K)
 Metaspace       used 31826K, committed 32064K, reserved 1114112K
  class space    used 3261K, committed 3392K, reserved 1048576K
}
Event: 393.151 GC heap before
{Heap before GC invocations=75 (full 0):
 garbage-first heap   total 90112K, used 70962K [0x00000000e0000000, 0x0000000100000000)
  region size 1024K, 52 young (53248K), 1 survivors (1024K)
 Metaspace       used 31826K, committed 32064K, reserved 1114112K
  class space    used 3261K, committed 3392K, reserved 1048576K
}
Event: 393.153 GC heap after
{Heap after GC invocations=76 (full 0):
 garbage-first heap   total 90112K, used 19778K [0x00000000e0000000, 0x0000000100000000)
  region size 1024K, 1 young (1024K), 1 survivors (1024K)
 Metaspace       used 31826K, committed 32064K, reserved 1114112K
  class space    used 3261K, committed 3392K, reserved 1048576K
}
Event: 399.851 GC heap before
{Heap before GC invocations=76 (full 0):
 garbage-first heap   total 90112K, used 72002K [0x00000000e0000000, 0x0000000100000000)
  region size 1024K, 52 young (53248K), 1 survivors (1024K)
 Metaspace       used 31826K, committed 32064K, reserved 1114112K
  class space    used 3261K, committed 3392K, reserved 1048576K
}
Event: 399.854 GC heap after
{Heap after GC invocations=77 (full 0):
 garbage-first heap   total 90112K, used 19771K [0x00000000e0000000, 0x0000000100000000)
  region size 1024K, 1 young (1024K), 1 survivors (1024K)
 Metaspace       used 31826K, committed 32064K, reserved 1114112K
  class space    used 3261K, committed 3392K, reserved 1048576K
}
Event: 406.660 GC heap before
{Heap before GC invocations=77 (full 0):
 garbage-first heap   total 90112K, used 70971K [0x00000000e0000000, 0x0000000100000000)
  region size 1024K, 52 young (53248K), 1 survivors (1024K)
 Metaspace       used 31826K, committed 32064K, reserved 1114112K
  class space    used 3261K, committed 3392K, reserved 1048576K
}
Event: 406.663 GC heap after
{Heap after GC invocations=78 (full 0):
 garbage-first heap   total 90112K, used 19767K [0x00000000e0000000, 0x0000000100000000)
  region size 1024K, 1 young (1024K), 1 survivors (1024K)
 Metaspace       used 31826K, committed 32064K, reserved 1114112K
  class space    used 3261K, committed 3392K, reserved 1048576K
}
Event: 413.170 GC heap before
{Heap before GC invocations=78 (full 0):
 garbage-first heap   total 90112K, used 70967K [0x00000000e0000000, 0x0000000100000000)
  region size 1024K, 52 young (53248K), 1 survivors (1024K)
 Metaspace       used 31826K, committed 32064K, reserved 1114112K
  class space    used 3261K, committed 3392K, reserved 1048576K
}
Event: 413.173 GC heap after
{Heap after GC invocations=79 (full 0):
 garbage-first heap   total 90112K, used 19774K [0x00000000e0000000, 0x0000000100000000)
  region size 1024K, 1 young (1024K), 1 survivors (1024K)
 Metaspace       used 31826K, committed 32064K, reserved 1114112K
  class space    used 3261K, committed 3392K, reserved 1048576K
}
Event: 420.442 GC heap before
{Heap before GC invocations=79 (full 0):
 garbage-first heap   total 90112K, used 71998K [0x00000000e0000000, 0x0000000100000000)
  region size 1024K, 52 young (53248K), 1 survivors (1024K)
 Metaspace       used 31826K, committed 32064K, reserved 1114112K
  class space    used 3261K, committed 3392K, reserved 1048576K
}
Event: 420.444 GC heap after
{Heap after GC invocations=80 (full 0):
 garbage-first heap   total 90112K, used 19768K [0x00000000e0000000, 0x0000000100000000)
  region size 1024K, 1 young (1024K), 1 survivors (1024K)
 Metaspace       used 31826K, committed 32064K, reserved 1114112K
  class space    used 3261K, committed 3392K, reserved 1048576K
}
Event: 426.906 GC heap before
{Heap before GC invocations=80 (full 0):
 garbage-first heap   total 90112K, used 70968K [0x00000000e0000000, 0x0000000100000000)
  region size 1024K, 52 young (53248K), 1 survivors (1024K)
 Metaspace       used 31826K, committed 32064K, reserved 1114112K
  class space    used 3261K, committed 3392K, reserved 1048576K
}
Event: 426.909 GC heap after
{Heap after GC invocations=81 (full 0):
 garbage-first heap   total 90112K, used 19803K [0x00000000e0000000, 0x0000000100000000)
  region size 1024K, 1 young (1024K), 1 survivors (1024K)
 Metaspace       used 31826K, committed 32064K, reserved 1114112K
  class space    used 3261K, committed 3392K, reserved 1048576K
}
Event: 433.852 GC heap before
{Heap before GC invocations=81 (full 0):
 garbage-first heap   total 90112K, used 72027K [0x00000000e0000000, 0x0000000100000000)
  region size 1024K, 52 young (53248K), 1 survivors (1024K)
 Metaspace       used 31826K, committed 32064K, reserved 1114112K
  class space    used 3261K, committed 3392K, reserved 1048576K
}
Event: 433.855 GC heap after
{Heap after GC invocations=82 (full 0):
 garbage-first heap   total 90112K, used 19767K [0x00000000e0000000, 0x0000000100000000)
  region size 1024K, 1 young (1024K), 1 survivors (1024K)
 Metaspace       used 31826K, committed 32064K, reserved 1114112K
  class space    used 3261K, committed 3392K, reserved 1048576K
}

