# JRE version: OpenJDK Runtime Environment (17.0.13+11) (build 17.0.13+11-Ubuntu-2ubuntu122.04)
# Java VM: OpenJDK 64-Bit Server VM (17.0.13+11-Ubuntu-2ubuntu122.04, mixed mode, sharing, tiered, compressed oops, compressed class ptrs, g1 gc, linux-amd64)
Heap:
 garbage-first heap   total 77824K, used 63479K [0x00000000e0000000, 0x0000000100000000)
  region size 1024K, 44 young (45056K), 1 survivors (1024K)
 Metaspace       used 32109K, committed 32384K, reserved 1114112K
  class space    used 3265K, committed 3392K, reserved 1048576K
GC Heap History (20 events):
Event: 652.050 GC heap before
{Heap before GC invocations=85 (full 0):
 garbage-first heap   total 77824K, used 65302K [0x00000000e0000000, 0x0000000100000000)
  region size 1024K, 45 young (46080K), 1 survivors (1024K)
 Metaspace       used 32052K, committed 32320K, reserved 1114112K
  class space    used 3260K, committed 3392K, reserved 1048576K
}
Event: 652.051 GC heap after
{Heap after GC invocations=86 (full 0):
 garbage-first heap   total 77824K, used 20248K [0x00000000e0000000, 0x0000000100000000)
  region size 1024K, 1 young (1024K), 1 survivors (1024K)
 Metaspace       used 32052K, committed 32320K, reserved 1114112K
  class space    used 3260K, committed 3392K, reserved 1048576K
}
Event: 666.185 GC heap before
{Heap before GC invocations=86 (full 0):
 garbage-first heap   total 77824K, used 65304K [0x00000000e0000000, 0x0000000100000000)
  region size 1024K, 45 young (46080K), 1 survivors (1024K)
 Metaspace       used 32052K, committed 32320K, reserved 1114112K
  class space    used 3260K, committed 3392K, reserved 1048576K
}
Event: 666.187 GC heap after
{Heap after GC invocations=87 (full 0):
 garbage-first heap   total 77824K, used 20252K [0x00000000e0000000, 0x0000000100000000)
  region size 1024K, 1 young (1024K), 1 survivors (1024K)
 Metaspace       used 32052K, committed 32320K, reserved 1114112K
  class space    used 3260K, committed 3392K, reserved 1048576K
}
Event: 680.347 GC heap before
{Heap before GC invocations=87 (full 0):
 garbage-first heap   total 77824K, used 65308K [0x00000000e0000000, 0x0000000100000000)
  region size 1024K, 45 young (46080K), 1 survivors (1024K)
 Metaspace       used 32052K, committed 32320K, reserved 1114112K
  class space    used 3260K, committed 3392K, reserved 1048576K
}
Event: 680.348 GC heap after
{Heap after GC invocations=88 (full 0):
 garbage-first heap   total 77824K, used 20251K [0x00000000e0000000, 0x0000000100000000)
  region size 1024K, 1 young (1024K), 1 survivors (1024K)
 Metaspace       used 32052K, committed 32320K, reserved 1114112K
  class space    used 3260K, committed 3392K, reserved 1048576K
}
Event: 694.503 GC heap before
{Heap before GC invocations=88 (full 0):
 garbage-first heap   total 77824K, used 65307K [0x00000000e0000000, 0x0000000100000000)
  region size 1024K, 45 young (46080K), 1 survivors (1024K)
 Metaspace       used 32052K, committed 32320K, reserved 1114112K
  class space    used 3260K, committed 3392K, reserved 1048576K
}
Event: 694.504 GC heap after
{Heap after GC invocations=89 (full 0):
 garbage-first heap   total 77824K, used 20252K [0x00000000e0000000, 0x0000000100000000)
  region size 1024K, 1 young (1024K), 1 survivors (1024K)
 Metaspace       used 32052K, committed 32320K, reserved 1114112K
  class space    used 3260K, committed 3392K, reserved 1048576K
}
Event: 708.605 GC heap before
{Heap before GC invocations=89 (full 0):
 garbage-first heap   total 77824K, used 65308K [0x00000000e0000000, 0x0000000100000000)
  region size 1024K, 45 young (46080K), 1 survivors (1024K)
 Metaspace       used 32052K, committed 32320K, reserved 1114112K
  class space    used 3260K, committed 3392K, reserved 1048576K
}
Event: 708.606 GC heap after
{Heap after GC invocations=90 (full 0):
 garbage-first heap   total 77824K, used 20266K [0x00000000e0000000, 0x0000000100000000)
  region size 1024K, 1 young (1024K), 1 survivors (1024K)
 Metaspace       used 32052K, committed 32320K, reserved 1114112K
  class space    used 3260K, committed 3392K, reserved 1048576K
}
Event: 722.701 GC heap before
{Heap before GC invocations=90 (full 0):
 garbage-first heap   total 77824K, used 65322K [0x00000000e0000000, 0x0000000100000000)
  region size 1024K, 45 young (46080K), 1 survivors (1024K)
 Metaspace       used 32052K, committed 32320K, reserved 1114112K
  class space    used 3260K, committed 3392K, reserved 1048576K
}
Event: 722.703 GC heap after
{Heap after GC invocations=91 (full 0):
 garbage-first heap   total 77824K, used 20263K [0x00000000e0000000, 0x0000000100000000)
  region size 1024K, 1 young (1024K), 1 survivors (1024K)
 Metaspace       used 32052K, committed 32320K, reserved 1114112K
  class space    used 3260K, committed 3392K, reserved 1048576K
}
Event: 736.817 GC heap before
{Heap before GC invocations=91 (full 0):
 garbage-first heap   total 77824K, used 65319K [0x00000000e0000000, 0x0000000100000000)
  region size 1024K, 45 young (46080K), 1 survivors (1024K)
 Metaspace       used 32052K, committed 32320K, reserved 1114112K
  class space    used 3260K, committed 3392K, reserved 1048576K
}
Event: 736.818 GC heap after
{Heap after GC invocations=92 (full 0):
 garbage-first heap   total 77824K, used 20270K [0x00000000e0000000, 0x0000000100000000)
  region size 1024K, 1 young (1024K), 1 survivors (1024K)
 Metaspace       used 32052K, committed 32320K, reserved 1114112K
  class space    used 3260K, committed 3392K, reserved 1048576K
}
Event: 750.963 GC heap before
{Heap before GC invocations=92 (full 0):
 garbage-first heap   total 77824K, used 65326K [0x00000000e0000000, 0x0000000100000000)
  region size 1024K, 45 young (46080K), 1 survivors (1024K)
 Metaspace       used 32052K, committed 32320K, reserved 1114112K
  class space    used 3260K, committed 3392K, reserved 1048576K
}
Event: 750.964 GC heap after
{Heap after GC invocations=93 (full 0):
 garbage-first heap   total 77824K, used 20265K [0x00000000e0000000, 0x0000000100000000)
  region size 1024K, 1 young (1024K), 1 survivors (1024K)
 Metaspace       used 32052K, committed 32320K, reserved 1114112K
  class space    used 3260K, committed 3392K, reserved 1048576K
}
Event: 756.367 GC heap before
{Heap before GC invocations=93 (full 0):
 garbage-first heap   total 77824K, used 65321K [0x00000000e0000000, 0x0000000100000000)
  region size 1024K, 45 young (46080K), 1 survivors (1024K)
 Metaspace       used 32053K, committed 32320K, reserved 1114112K
  class space    used 3260K, committed 3392K, reserved 1048576K
}
Event: 756.369 GC heap after
{Heap after GC invocations=94 (full 0):
 garbage-first heap   total 77824K, used 20294K [0x00000000e0000000, 0x0000000100000000)
  region size 1024K, 1 young (1024K), 1 survivors (1024K)
 Metaspace       used 32053K, committed 32320K, reserved 1114112K
  class space    used 3260K, committed 3392K, reserved 1048576K
}
Event: 760.994 GC heap before
{Heap before GC invocations=94 (full 0):
 garbage-first heap   total 77824K, used 65350K [0x00000000e0000000, 0x0000000100000000)
  region size 1024K, 45 young (46080K), 1 survivors (1024K)
 Metaspace       used 32053K, committed 32320K, reserved 1114112K
  class space    used 3260K, committed 3392K, reserved 1048576K
}
Event: 760.996 GC heap after
{Heap after GC invocations=95 (full 0):
 garbage-first heap   total 77824K, used 20296K [0x00000000e0000000, 0x0000000100000000)
  region size 1024K, 1 young (1024K), 1 survivors (1024K)
 Metaspace       used 32053K, committed 32320K, reserved 1114112K
  class space    used 3260K, committed 3392K, reserved 1048576K
}

