# JRE version: OpenJDK Runtime Environment (17.0.13+11) (build 17.0.13+11-Ubuntu-2ubuntu122.04)
# Java VM: OpenJDK 64-Bit Server VM (17.0.13+11-Ubuntu-2ubuntu122.04, mixed mode, sharing, tiered, compressed oops, compressed class ptrs, g1 gc, linux-amd64)
Heap:
 garbage-first heap   total 90112K, used 47300K [0x00000000e0000000, 0x0000000100000000)
  region size 1024K, 34 young (34816K), 2 survivors (2048K)
 Metaspace       used 31364K, committed 31680K, reserved 1114112K
  class space    used 3243K, committed 3392K, reserved 1048576K
GC Heap History (20 events):
Event: 2.904 GC heap before
{Heap before GC invocations=4 (full 0):
 garbage-first heap   total 40960K, used 12505K [0x00000000e0000000, 0x0000000100000000)
  region size 1024K, 4 young (4096K), 3 survivors (3072K)
 Metaspace       used 28143K, committed 28480K, reserved 1114112K
  class space    used 3010K, committed 3136K, reserved 1048576K
}
Event: 2.906 GC heap after
{Heap after GC invocations=5 (full 0):
 garbage-first heap   total 40960K, used 11531K [0x00000000e0000000, 0x0000000100000000)
  region size 1024K, 1 young (1024K), 1 survivors (1024K)
 Metaspace       used 28143K, committed 28480K, reserved 1114112K
  class space    used 3010K, committed 3136K, reserved 1048576K
}
Event: 3.058 GC heap before
{Heap before GC invocations=5 (full 0):
 garbage-first heap   total 40960K, used 16651K [0x00000000e0000000, 0x0000000100000000)
  region size 1024K, 7 young (7168K), 1 survivors (1024K)
 Metaspace       used 29285K, committed 29568K, reserved 1114112K
  class space    used 3129K, committed 3264K, reserved 1048576K
}
Event: 3.060 GC heap after
{Heap after GC invocations=6 (full 0):
 garbage-first heap   total 40960K, used 11754K [0x00000000e0000000, 0x0000000100000000)
  region size 1024K, 1 young (1024K), 1 survivors (1024K)
 Metaspace       used 29285K, committed 29568K, reserved 1114112K
  class space    used 3129K, committed 3264K, reserved 1048576K
}
Event: 3.187 GC heap before
{Heap before GC invocations=6 (full 0):
 garbage-first heap   total 40960K, used 33258K [0x00000000e0000000, 0x0000000100000000)
  region size 1024K, 17 young (17408K), 1 survivors (1024K)
 Metaspace       used 29296K, committed 29568K, reserved 1114112K
  class space    used 3129K, committed 3264K, reserved 1048576K
}
Event: 3.188 GC heap after
{Heap after GC invocations=7 (full 0):
 garbage-first heap   total 40960K, used 18857K [0x00000000e0000000, 0x0000000100000000)
  region size 1024K, 1 young (1024K), 1 survivors (1024K)
 Metaspace       used 29296K, committed 29568K, reserved 1114112K
  class space    used 3129K, committed 3264K, reserved 1048576K
}
Event: 3.195 GC heap before
{Heap before GC invocations=7 (full 0):
 garbage-first heap   total 40960K, used 30121K [0x00000000e0000000, 0x0000000100000000)
  region size 1024K, 12 young (12288K), 1 survivors (1024K)
 Metaspace       used 29296K, committed 29568K, reserved 1114112K
  class space    used 3129K, committed 3264K, reserved 1048576K
}
Event: 3.197 GC heap after
{Heap after GC invocations=8 (full 0):
 garbage-first heap   total 40960K, used 18839K [0x00000000e0000000, 0x0000000100000000)
  region size 1024K, 1 young (1024K), 1 survivors (1024K)
 Metaspace       used 29296K, committed 29568K, reserved 1114112K
  class space    used 3129K, committed 3264K, reserved 1048576K
}
Event: 3.207 GC heap before
{Heap before GC invocations=9 (full 0):
 garbage-first heap   total 45056K, used 31127K [0x00000000e0000000, 0x0000000100000000)
  region size 1024K, 13 young (13312K), 1 survivors (1024K)
 Metaspace       used 29296K, committed 29568K, reserved 1114112K
  class space    used 3129K, committed 3264K, reserved 1048576K
}
Event: 3.208 GC heap after
{Heap after GC invocations=10 (full 0):
 garbage-first heap   total 90112K, used 18841K [0x00000000e0000000, 0x0000000100000000)
  region size 1024K, 1 young (1024K), 1 survivors (1024K)
 Metaspace       used 29296K, committed 29568K, reserved 1114112K
  class space    used 3129K, committed 3264K, reserved 1048576K
}
Event: 3.368 GC heap before
{Heap before GC invocations=10 (full 0):
 garbage-first heap   total 90112K, used 76185K [0x00000000e0000000, 0x0000000100000000)
  region size 1024K, 50 young (51200K), 1 survivors (1024K)
 Metaspace       used 29307K, committed 29568K, reserved 1114112K
  class space    used 3130K, committed 3264K, reserved 1048576K
}
Event: 3.369 GC heap after
{Heap after GC invocations=11 (full 0):
 garbage-first heap   total 90112K, used 11664K [0x00000000e0000000, 0x0000000100000000)
  region size 1024K, 1 young (1024K), 1 survivors (1024K)
 Metaspace       used 29307K, committed 29568K, reserved 1114112K
  class space    used 3130K, committed 3264K, reserved 1048576K
}
Event: 3.431 GC heap before
{Heap before GC invocations=11 (full 0):
 garbage-first heap   total 90112K, used 72080K [0x00000000e0000000, 0x0000000100000000)
  region size 1024K, 52 young (53248K), 1 survivors (1024K)
 Metaspace       used 29400K, committed 29696K, reserved 1114112K
  class space    used 3140K, committed 3264K, reserved 1048576K
}
Event: 3.432 GC heap after
{Heap after GC invocations=12 (full 0):
 garbage-first heap   total 90112K, used 15774K [0x00000000e0000000, 0x0000000100000000)
  region size 1024K, 1 young (1024K), 1 survivors (1024K)
 Metaspace       used 29400K, committed 29696K, reserved 1114112K
  class space    used 3140K, committed 3264K, reserved 1048576K
}
Event: 3.491 GC heap before
{Heap before GC invocations=12 (full 0):
 garbage-first heap   total 90112K, used 76190K [0x00000000e0000000, 0x0000000100000000)
  region size 1024K, 52 young (53248K), 1 survivors (1024K)
 Metaspace       used 29403K, committed 29696K, reserved 1114112K
  class space    used 3140K, committed 3264K, reserved 1048576K
}
Event: 3.492 GC heap after
{Heap after GC invocations=13 (full 0):
 garbage-first heap   total 90112K, used 15782K [0x00000000e0000000, 0x0000000100000000)
  region size 1024K, 1 young (1024K), 1 survivors (1024K)
 Metaspace       used 29403K, committed 29696K, reserved 1114112K
  class space    used 3140K, committed 3264K, reserved 1048576K
}
Event: 3.555 GC heap before
{Heap before GC invocations=13 (full 0):
 garbage-first heap   total 90112K, used 76198K [0x00000000e0000000, 0x0000000100000000)
  region size 1024K, 52 young (53248K), 1 survivors (1024K)
 Metaspace       used 29403K, committed 29696K, reserved 1114112K
  class space    used 3140K, committed 3264K, reserved 1048576K
}
Event: 3.556 GC heap after
{Heap after GC invocations=14 (full 0):
 garbage-first heap   total 90112K, used 15770K [0x00000000e0000000, 0x0000000100000000)
  region size 1024K, 1 young (1024K), 1 survivors (1024K)
 Metaspace       used 29403K, committed 29696K, reserved 1114112K
  class space    used 3140K, committed 3264K, reserved 1048576K
}
Event: 4.241 GC heap before
{Heap before GC invocations=14 (full 0):
 garbage-first heap   total 90112K, used 74138K [0x00000000e0000000, 0x0000000100000000)
  region size 1024K, 52 young (53248K), 1 survivors (1024K)
 Metaspace       used 30473K, committed 30784K, reserved 1114112K
  class space    used 3229K, committed 3392K, reserved 1048576K
}
Event: 4.242 GC heap after
{Heap after GC invocations=15 (full 0):
 garbage-first heap   total 90112K, used 14664K [0x00000000e0000000, 0x0000000100000000)
  region size 1024K, 2 young (2048K), 2 survivors (2048K)
 Metaspace       used 30473K, committed 30784K, reserved 1114112K
  class space    used 3229K, committed 3392K, reserved 1048576K
}

