# JRE version: OpenJDK Runtime Environment (17.0.13+11) (build 17.0.13+11-Ubuntu-2ubuntu122.04)
# Java VM: OpenJDK 64-Bit Server VM (17.0.13+11-Ubuntu-2ubuntu122.04, mixed mode, sharing, tiered, compressed oops, compressed class ptrs, g1 gc, linux-amd64)
Heap:
 garbage-first heap   total 75776K, used 20467K [0x00000000e0000000, 0x0000000100000000)
  region size 1024K, 7 young (7168K), 1 survivors (1024K)
 Metaspace       used 31864K, committed 32192K, reserved 1114112K
  class space    used 3296K, committed 3456K, reserved 1048576K
GC Heap History (20 events):
Event: 59.821 GC heap before
{Heap before GC invocations=159 (full 0):
 garbage-first heap   total 75776K, used 58151K [0x00000000e0000000, 0x0000000100000000)
  region size 1024K, 44 young (45056K), 1 survivors (1024K)
 Metaspace       used 31235K, committed 31552K, reserved 1114112K
  class space    used 3232K, committed 3392K, reserved 1048576K
}
Event: 59.822 GC heap after
{Heap after GC invocations=160 (full 0):
 garbage-first heap   total 75776K, used 14131K [0x00000000e0000000, 0x0000000100000000)
  region size 1024K, 1 young (1024K), 1 survivors (1024K)
 Metaspace       used 31235K, committed 31552K, reserved 1114112K
  class space    used 3232K, committed 3392K, reserved 1048576K
}
Event: 60.195 GC heap before
{Heap before GC invocations=160 (full 0):
 garbage-first heap   total 75776K, used 58163K [0x00000000e0000000, 0x0000000100000000)
  region size 1024K, 44 young (45056K), 1 survivors (1024K)
 Metaspace       used 31235K, committed 31552K, reserved 1114112K
  class space    used 3232K, committed 3392K, reserved 1048576K
}
Event: 60.196 GC heap after
{Heap after GC invocations=161 (full 0):
 garbage-first heap   total 75776K, used 14100K [0x00000000e0000000, 0x0000000100000000)
  region size 1024K, 1 young (1024K), 1 survivors (1024K)
 Metaspace       used 31235K, committed 31552K, reserved 1114112K
  class space    used 3232K, committed 3392K, reserved 1048576K
}
Event: 60.572 GC heap before
{Heap before GC invocations=161 (full 0):
 garbage-first heap   total 75776K, used 58132K [0x00000000e0000000, 0x0000000100000000)
  region size 1024K, 44 young (45056K), 1 survivors (1024K)
 Metaspace       used 31235K, committed 31552K, reserved 1114112K
  class space    used 3232K, committed 3392K, reserved 1048576K
}
Event: 60.574 GC heap after
{Heap after GC invocations=162 (full 0):
 garbage-first heap   total 75776K, used 14125K [0x00000000e0000000, 0x0000000100000000)
  region size 1024K, 1 young (1024K), 1 survivors (1024K)
 Metaspace       used 31235K, committed 31552K, reserved 1114112K
  class space    used 3232K, committed 3392K, reserved 1048576K
}
Event: 60.933 GC heap before
{Heap before GC invocations=162 (full 0):
 garbage-first heap   total 75776K, used 58157K [0x00000000e0000000, 0x0000000100000000)
  region size 1024K, 44 young (45056K), 1 survivors (1024K)
 Metaspace       used 31235K, committed 31552K, reserved 1114112K
  class space    used 3232K, committed 3392K, reserved 1048576K
}
Event: 60.934 GC heap after
{Heap after GC invocations=163 (full 0):
 garbage-first heap   total 75776K, used 14131K [0x00000000e0000000, 0x0000000100000000)
  region size 1024K, 1 young (1024K), 1 survivors (1024K)
 Metaspace       used 31235K, committed 31552K, reserved 1114112K
  class space    used 3232K, committed 3392K, reserved 1048576K
}
Event: 61.299 GC heap before
{Heap before GC invocations=163 (full 0):
 garbage-first heap   total 75776K, used 58163K [0x00000000e0000000, 0x0000000100000000)
  region size 1024K, 44 young (45056K), 1 survivors (1024K)
 Metaspace       used 31235K, committed 31552K, reserved 1114112K
  class space    used 3232K, committed 3392K, reserved 1048576K
}
Event: 61.300 GC heap after
{Heap after GC invocations=164 (full 0):
 garbage-first heap   total 75776K, used 14119K [0x00000000e0000000, 0x0000000100000000)
  region size 1024K, 1 young (1024K), 1 survivors (1024K)
 Metaspace       used 31235K, committed 31552K, reserved 1114112K
  class space    used 3232K, committed 3392K, reserved 1048576K
}
Event: 61.660 GC heap before
{Heap before GC invocations=164 (full 0):
 garbage-first heap   total 75776K, used 58151K [0x00000000e0000000, 0x0000000100000000)
  region size 1024K, 44 young (45056K), 1 survivors (1024K)
 Metaspace       used 31235K, committed 31552K, reserved 1114112K
  class space    used 3232K, committed 3392K, reserved 1048576K
}
Event: 61.661 GC heap after
{Heap after GC invocations=165 (full 0):
 garbage-first heap   total 75776K, used 14126K [0x00000000e0000000, 0x0000000100000000)
  region size 1024K, 1 young (1024K), 1 survivors (1024K)
 Metaspace       used 31235K, committed 31552K, reserved 1114112K
  class space    used 3232K, committed 3392K, reserved 1048576K
}
Event: 74.214 GC heap before
{Heap before GC invocations=165 (full 0):
 garbage-first heap   total 75776K, used 58158K [0x00000000e0000000, 0x0000000100000000)
  region size 1024K, 44 young (45056K), 1 survivors (1024K)
 Metaspace       used 31369K, committed 31680K, reserved 1114112K
  class space    used 3239K, committed 3392K, reserved 1048576K
}
Event: 74.217 GC heap after
{Heap after GC invocations=166 (full 0):
 garbage-first heap   total 75776K, used 14226K [0x00000000e0000000, 0x0000000100000000)
  region size 1024K, 1 young (1024K), 1 survivors (1024K)
 Metaspace       used 31369K, committed 31680K, reserved 1114112K
  class space    used 3239K, committed 3392K, reserved 1048576K
}
Event: 95.121 GC heap before
{Heap before GC invocations=166 (full 0):
 garbage-first heap   total 75776K, used 57234K [0x00000000e0000000, 0x0000000100000000)
  region size 1024K, 44 young (45056K), 1 survivors (1024K)
 Metaspace       used 31455K, committed 31744K, reserved 1114112K
  class space    used 3239K, committed 3392K, reserved 1048576K
}
Event: 95.123 GC heap after
{Heap after GC invocations=167 (full 0):
 garbage-first heap   total 75776K, used 14270K [0x00000000e0000000, 0x0000000100000000)
  region size 1024K, 1 young (1024K), 1 survivors (1024K)
 Metaspace       used 31455K, committed 31744K, reserved 1114112K
  class space    used 3239K, committed 3392K, reserved 1048576K
}
Event: 116.855 GC heap before
{Heap before GC invocations=167 (full 0):
 garbage-first heap   total 75776K, used 58302K [0x00000000e0000000, 0x0000000100000000)
  region size 1024K, 44 young (45056K), 1 survivors (1024K)
 Metaspace       used 31473K, committed 31808K, reserved 1114112K
  class space    used 3239K, committed 3392K, reserved 1048576K
}
Event: 116.856 GC heap after
{Heap after GC invocations=168 (full 0):
 garbage-first heap   total 75776K, used 14286K [0x00000000e0000000, 0x0000000100000000)
  region size 1024K, 1 young (1024K), 1 survivors (1024K)
 Metaspace       used 31473K, committed 31808K, reserved 1114112K
  class space    used 3239K, committed 3392K, reserved 1048576K
}
Event: 138.336 GC heap before
{Heap before GC invocations=168 (full 0):
 garbage-first heap   total 75776K, used 58318K [0x00000000e0000000, 0x0000000100000000)
  region size 1024K, 44 young (45056K), 1 survivors (1024K)
 Metaspace       used 31809K, committed 32128K, reserved 1114112K
  class space    used 3291K, committed 3456K, reserved 1048576K
}
Event: 138.337 GC heap after
{Heap after GC invocations=169 (full 0):
 garbage-first heap   total 75776K, used 14323K [0x00000000e0000000, 0x0000000100000000)
  region size 1024K, 1 young (1024K), 1 survivors (1024K)
 Metaspace       used 31809K, committed 32128K, reserved 1114112K
  class space    used 3291K, committed 3456K, reserved 1048576K
}

