# JRE version: OpenJDK Runtime Environment (17.0.13+11) (build 17.0.13+11-Ubuntu-2ubuntu122.04)
# Java VM: OpenJDK 64-Bit Server VM (17.0.13+11-Ubuntu-2ubuntu122.04, mixed mode, sharing, tiered, compressed oops, compressed class ptrs, g1 gc, linux-amd64)
Heap:
 garbage-first heap   total 115712K, used 64605K [0x00000000e0000000, 0x0000000100000000)
  region size 1024K, 47 young (48128K), 2 survivors (2048K)
 Metaspace       used 31171K, committed 31488K, reserved 1114112K
  class space    used 3238K, committed 3392K, reserved 1048576K
GC Heap History (20 events):
Event: 3.013 GC heap before
{Heap before GC invocations=5 (full 0):
 garbage-first heap   total 40960K, used 16719K [0x00000000e0000000, 0x0000000100000000)
  region size 1024K, 7 young (7168K), 1 survivors (1024K)
 Metaspace       used 29325K, committed 29568K, reserved 1114112K
  class space    used 3132K, committed 3264K, reserved 1048576K
}
Event: 3.015 GC heap after
{Heap after GC invocations=6 (full 0):
 garbage-first heap   total 40960K, used 11731K [0x00000000e0000000, 0x0000000100000000)
  region size 1024K, 1 young (1024K), 1 survivors (1024K)
 Metaspace       used 29325K, committed 29568K, reserved 1114112K
  class space    used 3132K, committed 3264K, reserved 1048576K
}
Event: 3.147 GC heap before
{Heap before GC invocations=6 (full 0):
 garbage-first heap   total 40960K, used 34259K [0x00000000e0000000, 0x0000000100000000)
  region size 1024K, 17 young (17408K), 1 survivors (1024K)
 Metaspace       used 29336K, committed 29568K, reserved 1114112K
  class space    used 3132K, committed 3264K, reserved 1048576K
}
Event: 3.148 GC heap after
{Heap after GC invocations=7 (full 0):
 garbage-first heap   total 40960K, used 18823K [0x00000000e0000000, 0x0000000100000000)
  region size 1024K, 1 young (1024K), 1 survivors (1024K)
 Metaspace       used 29336K, committed 29568K, reserved 1114112K
  class space    used 3132K, committed 3264K, reserved 1048576K
}
Event: 3.155 GC heap before
{Heap before GC invocations=7 (full 0):
 garbage-first heap   total 40960K, used 30087K [0x00000000e0000000, 0x0000000100000000)
  region size 1024K, 12 young (12288K), 1 survivors (1024K)
 Metaspace       used 29336K, committed 29568K, reserved 1114112K
  class space    used 3132K, committed 3264K, reserved 1048576K
}
Event: 3.156 GC heap after
{Heap after GC invocations=8 (full 0):
 garbage-first heap   total 40960K, used 18823K [0x00000000e0000000, 0x0000000100000000)
  region size 1024K, 1 young (1024K), 1 survivors (1024K)
 Metaspace       used 29336K, committed 29568K, reserved 1114112K
  class space    used 3132K, committed 3264K, reserved 1048576K
}
Event: 3.166 GC heap before
{Heap before GC invocations=9 (full 0):
 garbage-first heap   total 43008K, used 31111K [0x00000000e0000000, 0x0000000100000000)
  region size 1024K, 13 young (13312K), 1 survivors (1024K)
 Metaspace       used 29336K, committed 29568K, reserved 1114112K
  class space    used 3132K, committed 3264K, reserved 1048576K
}
Event: 3.168 GC heap after
{Heap after GC invocations=10 (full 0):
 garbage-first heap   total 63488K, used 18817K [0x00000000e0000000, 0x0000000100000000)
  region size 1024K, 1 young (1024K), 1 survivors (1024K)
 Metaspace       used 29336K, committed 29568K, reserved 1114112K
  class space    used 3132K, committed 3264K, reserved 1048576K
}
Event: 3.296 GC heap before
{Heap before GC invocations=10 (full 0):
 garbage-first heap   total 63488K, used 55681K [0x00000000e0000000, 0x0000000100000000)
  region size 1024K, 30 young (30720K), 1 survivors (1024K)
 Metaspace       used 29336K, committed 29568K, reserved 1114112K
  class space    used 3132K, committed 3264K, reserved 1048576K
}
Event: 3.297 GC heap after
{Heap after GC invocations=11 (full 0):
 garbage-first heap   total 63488K, used 18813K [0x00000000e0000000, 0x0000000100000000)
  region size 1024K, 1 young (1024K), 1 survivors (1024K)
 Metaspace       used 29336K, committed 29568K, reserved 1114112K
  class space    used 3132K, committed 3264K, reserved 1048576K
}
Event: 3.351 GC heap before
{Heap before GC invocations=11 (full 0):
 garbage-first heap   total 63488K, used 55677K [0x00000000e0000000, 0x0000000100000000)
  region size 1024K, 33 young (33792K), 1 survivors (1024K)
 Metaspace       used 29439K, committed 29760K, reserved 1114112K
  class space    used 3143K, committed 3264K, reserved 1048576K
}
Event: 3.352 GC heap after
{Heap after GC invocations=12 (full 0):
 garbage-first heap   total 63488K, used 15751K [0x00000000e0000000, 0x0000000100000000)
  region size 1024K, 1 young (1024K), 1 survivors (1024K)
 Metaspace       used 29439K, committed 29760K, reserved 1114112K
  class space    used 3143K, committed 3264K, reserved 1048576K
}
Event: 3.391 GC heap before
{Heap before GC invocations=12 (full 0):
 garbage-first heap   total 63488K, used 55687K [0x00000000e0000000, 0x0000000100000000)
  region size 1024K, 36 young (36864K), 1 survivors (1024K)
 Metaspace       used 29440K, committed 29760K, reserved 1114112K
  class space    used 3143K, committed 3264K, reserved 1048576K
}
Event: 3.392 GC heap after
{Heap after GC invocations=13 (full 0):
 garbage-first heap   total 63488K, used 15759K [0x00000000e0000000, 0x0000000100000000)
  region size 1024K, 1 young (1024K), 1 survivors (1024K)
 Metaspace       used 29440K, committed 29760K, reserved 1114112K
  class space    used 3143K, committed 3264K, reserved 1048576K
}
Event: 3.437 GC heap before
{Heap before GC invocations=13 (full 0):
 garbage-first heap   total 63488K, used 58767K [0x00000000e0000000, 0x0000000100000000)
  region size 1024K, 36 young (36864K), 1 survivors (1024K)
 Metaspace       used 29443K, committed 29760K, reserved 1114112K
  class space    used 3143K, committed 3264K, reserved 1048576K
}
Event: 3.439 GC heap after
{Heap after GC invocations=14 (full 0):
 garbage-first heap   total 63488K, used 15772K [0x00000000e0000000, 0x0000000100000000)
  region size 1024K, 1 young (1024K), 1 survivors (1024K)
 Metaspace       used 29443K, committed 29760K, reserved 1114112K
  class space    used 3143K, committed 3264K, reserved 1048576K
}
Event: 3.481 GC heap before
{Heap before GC invocations=14 (full 0):
 garbage-first heap   total 63488K, used 56732K [0x00000000e0000000, 0x0000000100000000)
  region size 1024K, 37 young (37888K), 1 survivors (1024K)
 Metaspace       used 29443K, committed 29760K, reserved 1114112K
  class space    used 3143K, committed 3264K, reserved 1048576K
}
Event: 3.482 GC heap after
{Heap after GC invocations=15 (full 0):
 garbage-first heap   total 115712K, used 15750K [0x00000000e0000000, 0x0000000100000000)
  region size 1024K, 1 young (1024K), 1 survivors (1024K)
 Metaspace       used 29443K, committed 29760K, reserved 1114112K
  class space    used 3143K, committed 3264K, reserved 1048576K
}
Event: 4.006 GC heap before
{Heap before GC invocations=15 (full 0):
 garbage-first heap   total 115712K, used 89478K [0x00000000e0000000, 0x0000000100000000)
  region size 1024K, 67 young (68608K), 1 survivors (1024K)
 Metaspace       used 30425K, committed 30784K, reserved 1114112K
  class space    used 3228K, committed 3392K, reserved 1048576K
}
Event: 4.008 GC heap after
{Heap after GC invocations=16 (full 0):
 garbage-first heap   total 115712K, used 14636K [0x00000000e0000000, 0x0000000100000000)
  region size 1024K, 2 young (2048K), 2 survivors (2048K)
 Metaspace       used 30425K, committed 30784K, reserved 1114112K
  class space    used 3228K, committed 3392K, reserved 1048576K
}

