# JRE version: OpenJDK Runtime Environment (17.0.13+11) (build 17.0.13+11-Ubuntu-2ubuntu122.04)
# Java VM: OpenJDK 64-Bit Server VM (17.0.13+11-Ubuntu-2ubuntu122.04, mixed mode, sharing, tiered, compressed oops, compressed class ptrs, g1 gc, linux-amd64)
Heap:
 garbage-first heap   total 139264K, used 39921K [0x00000000e0000000, 0x0000000100000000)
  region size 1024K, 17 young (17408K), 2 survivors (2048K)
 Metaspace       used 35343K, committed 35648K, reserved 1114112K
  class space    used 3735K, committed 3904K, reserved 1048576K
GC Heap History (20 events):
Event: 396.855 GC heap before
{Heap before GC invocations=61 (full 0):
 garbage-first heap   total 139264K, used 105577K [0x00000000e0000000, 0x0000000100000000)
  region size 1024K, 81 young (82944K), 1 survivors (1024K)
 Metaspace       used 31897K, committed 32192K, reserved 1114112K
  class space    used 3259K, committed 3392K, reserved 1048576K
}
Event: 396.857 GC heap after
{Heap after GC invocations=62 (full 0):
 garbage-first heap   total 139264K, used 23648K [0x00000000e0000000, 0x0000000100000000)
  region size 1024K, 1 young (1024K), 1 survivors (1024K)
 Metaspace       used 31897K, committed 32192K, reserved 1114112K
  class space    used 3259K, committed 3392K, reserved 1048576K
}
Event: 406.418 GC heap before
{Heap before GC invocations=62 (full 0):
 garbage-first heap   total 139264K, used 105568K [0x00000000e0000000, 0x0000000100000000)
  region size 1024K, 81 young (82944K), 1 survivors (1024K)
 Metaspace       used 31897K, committed 32192K, reserved 1114112K
  class space    used 3259K, committed 3392K, reserved 1048576K
}
Event: 406.419 GC heap after
{Heap after GC invocations=63 (full 0):
 garbage-first heap   total 139264K, used 23656K [0x00000000e0000000, 0x0000000100000000)
  region size 1024K, 1 young (1024K), 1 survivors (1024K)
 Metaspace       used 31897K, committed 32192K, reserved 1114112K
  class space    used 3259K, committed 3392K, reserved 1048576K
}
Event: 415.923 GC heap before
{Heap before GC invocations=63 (full 0):
 garbage-first heap   total 139264K, used 105576K [0x00000000e0000000, 0x0000000100000000)
  region size 1024K, 81 young (82944K), 1 survivors (1024K)
 Metaspace       used 31897K, committed 32192K, reserved 1114112K
  class space    used 3259K, committed 3392K, reserved 1048576K
}
Event: 415.924 GC heap after
{Heap after GC invocations=64 (full 0):
 garbage-first heap   total 139264K, used 23652K [0x00000000e0000000, 0x0000000100000000)
  region size 1024K, 1 young (1024K), 1 survivors (1024K)
 Metaspace       used 31897K, committed 32192K, reserved 1114112K
  class space    used 3259K, committed 3392K, reserved 1048576K
}
Event: 426.230 GC heap before
{Heap before GC invocations=64 (full 0):
 garbage-first heap   total 139264K, used 105572K [0x00000000e0000000, 0x0000000100000000)
  region size 1024K, 81 young (82944K), 1 survivors (1024K)
 Metaspace       used 31897K, committed 32192K, reserved 1114112K
  class space    used 3259K, committed 3392K, reserved 1048576K
}
Event: 426.231 GC heap after
{Heap after GC invocations=65 (full 0):
 garbage-first heap   total 139264K, used 23664K [0x00000000e0000000, 0x0000000100000000)
  region size 1024K, 1 young (1024K), 1 survivors (1024K)
 Metaspace       used 31897K, committed 32192K, reserved 1114112K
  class space    used 3259K, committed 3392K, reserved 1048576K
}
Event: 435.239 GC heap before
{Heap before GC invocations=65 (full 0):
 garbage-first heap   total 139264K, used 105584K [0x00000000e0000000, 0x0000000100000000)
  region size 1024K, 81 young (82944K), 1 survivors (1024K)
 Metaspace       used 31907K, committed 32192K, reserved 1114112K
  class space    used 3259K, committed 3392K, reserved 1048576K
}
Event: 435.241 GC heap after
{Heap after GC invocations=66 (full 0):
 garbage-first heap   total 139264K, used 23672K [0x00000000e0000000, 0x0000000100000000)
  region size 1024K, 1 young (1024K), 1 survivors (1024K)
 Metaspace       used 31907K, committed 32192K, reserved 1114112K
  class space    used 3259K, committed 3392K, reserved 1048576K
}
Event: 443.317 GC heap before
{Heap before GC invocations=66 (full 0):
 garbage-first heap   total 139264K, used 105592K [0x00000000e0000000, 0x0000000100000000)
  region size 1024K, 81 young (82944K), 1 survivors (1024K)
 Metaspace       used 31907K, committed 32192K, reserved 1114112K
  class space    used 3259K, committed 3392K, reserved 1048576K
}
Event: 443.319 GC heap after
{Heap after GC invocations=67 (full 0):
 garbage-first heap   total 139264K, used 23673K [0x00000000e0000000, 0x0000000100000000)
  region size 1024K, 1 young (1024K), 1 survivors (1024K)
 Metaspace       used 31907K, committed 32192K, reserved 1114112K
  class space    used 3259K, committed 3392K, reserved 1048576K
}
Event: 455.350 GC heap before
{Heap before GC invocations=67 (full 0):
 garbage-first heap   total 139264K, used 105593K [0x00000000e0000000, 0x0000000100000000)
  region size 1024K, 81 young (82944K), 1 survivors (1024K)
 Metaspace       used 35245K, committed 35584K, reserved 1114112K
  class space    used 3731K, committed 3904K, reserved 1048576K
}
Event: 455.352 GC heap after
{Heap after GC invocations=68 (full 0):
 garbage-first heap   total 139264K, used 24505K [0x00000000e0000000, 0x0000000100000000)
  region size 1024K, 1 young (1024K), 1 survivors (1024K)
 Metaspace       used 35245K, committed 35584K, reserved 1114112K
  class space    used 3731K, committed 3904K, reserved 1048576K
}
Event: 470.262 GC heap before
{Heap before GC invocations=68 (full 0):
 garbage-first heap   total 139264K, used 106425K [0x00000000e0000000, 0x0000000100000000)
  region size 1024K, 81 young (82944K), 1 survivors (1024K)
 Metaspace       used 35268K, committed 35648K, reserved 1114112K
  class space    used 3731K, committed 3904K, reserved 1048576K
}
Event: 470.264 GC heap after
{Heap after GC invocations=69 (full 0):
 garbage-first heap   total 139264K, used 24525K [0x00000000e0000000, 0x0000000100000000)
  region size 1024K, 2 young (2048K), 2 survivors (2048K)
 Metaspace       used 35268K, committed 35648K, reserved 1114112K
  class space    used 3731K, committed 3904K, reserved 1048576K
}
Event: 484.982 GC heap before
{Heap before GC invocations=69 (full 0):
 garbage-first heap   total 139264K, used 105421K [0x00000000e0000000, 0x0000000100000000)
  region size 1024K, 81 young (82944K), 2 survivors (2048K)
 Metaspace       used 35276K, committed 35648K, reserved 1114112K
  class space    used 3731K, committed 3904K, reserved 1048576K
}
Event: 484.984 GC heap after
{Heap after GC invocations=70 (full 0):
 garbage-first heap   total 139264K, used 24558K [0x00000000e0000000, 0x0000000100000000)
  region size 1024K, 2 young (2048K), 2 survivors (2048K)
 Metaspace       used 35276K, committed 35648K, reserved 1114112K
  class space    used 3731K, committed 3904K, reserved 1048576K
}
Event: 499.813 GC heap before
{Heap before GC invocations=70 (full 0):
 garbage-first heap   total 139264K, used 105454K [0x00000000e0000000, 0x0000000100000000)
  region size 1024K, 81 young (82944K), 2 survivors (2048K)
 Metaspace       used 35295K, committed 35648K, reserved 1114112K
  class space    used 3731K, committed 3904K, reserved 1048576K
}
Event: 499.815 GC heap after
{Heap after GC invocations=71 (full 0):
 garbage-first heap   total 139264K, used 24561K [0x00000000e0000000, 0x0000000100000000)
  region size 1024K, 2 young (2048K), 2 survivors (2048K)
 Metaspace       used 35295K, committed 35648K, reserved 1114112K
  class space    used 3731K, committed 3904K, reserved 1048576K
}

