# JRE version: OpenJDK Runtime Environment (17.0.13+11) (build 17.0.13+11-Ubuntu-2ubuntu122.04)
# Java VM: OpenJDK 64-Bit Server VM (17.0.13+11-Ubuntu-2ubuntu122.04, mixed mode, sharing, tiered, compressed oops, compressed class ptrs, g1 gc, linux-amd64)
Heap:
 garbage-first heap   total 81920K, used 41314K [0x00000000e0000000, 0x0000000100000000)
  region size 1024K, 30 young (30720K), 2 survivors (2048K)
 Metaspace       used 31301K, committed 31616K, reserved 1114112K
  class space    used 3238K, committed 3392K, reserved 1048576K
GC Heap History (20 events):
Event: 4.248 GC heap before
{Heap before GC invocations=6 (full 0):
 garbage-first heap   total 40960K, used 33284K [0x00000000e0000000, 0x0000000100000000)
  region size 1024K, 17 young (17408K), 1 survivors (1024K)
 Metaspace       used 29345K, committed 29632K, reserved 1114112K
  class space    used 3131K, committed 3264K, reserved 1048576K
}
Event: 4.249 GC heap after
{Heap after GC invocations=7 (full 0):
 garbage-first heap   total 40960K, used 18843K [0x00000000e0000000, 0x0000000100000000)
  region size 1024K, 1 young (1024K), 1 survivors (1024K)
 Metaspace       used 29345K, committed 29632K, reserved 1114112K
  class space    used 3131K, committed 3264K, reserved 1048576K
}
Event: 4.257 GC heap before
{Heap before GC invocations=7 (full 0):
 garbage-first heap   total 40960K, used 30107K [0x00000000e0000000, 0x0000000100000000)
  region size 1024K, 12 young (12288K), 1 survivors (1024K)
 Metaspace       used 29345K, committed 29632K, reserved 1114112K
  class space    used 3131K, committed 3264K, reserved 1048576K
}
Event: 4.258 GC heap after
{Heap after GC invocations=8 (full 0):
 garbage-first heap   total 40960K, used 18845K [0x00000000e0000000, 0x0000000100000000)
  region size 1024K, 1 young (1024K), 1 survivors (1024K)
 Metaspace       used 29345K, committed 29632K, reserved 1114112K
  class space    used 3131K, committed 3264K, reserved 1048576K
}
Event: 4.268 GC heap before
{Heap before GC invocations=9 (full 0):
 garbage-first heap   total 40960K, used 31133K [0x00000000e0000000, 0x0000000100000000)
  region size 1024K, 13 young (13312K), 1 survivors (1024K)
 Metaspace       used 29345K, committed 29632K, reserved 1114112K
  class space    used 3131K, committed 3264K, reserved 1048576K
}
Event: 4.269 GC heap after
{Heap after GC invocations=10 (full 0):
 garbage-first heap   total 40960K, used 18845K [0x00000000e0000000, 0x0000000100000000)
  region size 1024K, 1 young (1024K), 1 survivors (1024K)
 Metaspace       used 29345K, committed 29632K, reserved 1114112K
  class space    used 3131K, committed 3264K, reserved 1048576K
}
Event: 4.289 GC heap before
{Heap before GC invocations=10 (full 0):
 garbage-first heap   total 40960K, used 23965K [0x00000000e0000000, 0x0000000100000000)
  region size 1024K, 7 young (7168K), 1 survivors (1024K)
 Metaspace       used 29345K, committed 29632K, reserved 1114112K
  class space    used 3131K, committed 3264K, reserved 1048576K
}
Event: 4.291 GC heap after
{Heap after GC invocations=11 (full 0):
 garbage-first heap   total 81920K, used 11686K [0x00000000e0000000, 0x0000000100000000)
  region size 1024K, 1 young (1024K), 1 survivors (1024K)
 Metaspace       used 29345K, committed 29632K, reserved 1114112K
  class space    used 3131K, committed 3264K, reserved 1048576K
}
Event: 4.461 GC heap before
{Heap before GC invocations=11 (full 0):
 garbage-first heap   total 81920K, used 71078K [0x00000000e0000000, 0x0000000100000000)
  region size 1024K, 48 young (49152K), 1 survivors (1024K)
 Metaspace       used 29448K, committed 29760K, reserved 1114112K
  class space    used 3142K, committed 3264K, reserved 1048576K
}
Event: 4.462 GC heap after
{Heap after GC invocations=12 (full 0):
 garbage-first heap   total 81920K, used 15771K [0x00000000e0000000, 0x0000000100000000)
  region size 1024K, 1 young (1024K), 1 survivors (1024K)
 Metaspace       used 29448K, committed 29760K, reserved 1114112K
  class space    used 3142K, committed 3264K, reserved 1048576K
}
Event: 4.507 GC heap before
{Heap before GC invocations=12 (full 0):
 garbage-first heap   total 81920K, used 67995K [0x00000000e0000000, 0x0000000100000000)
  region size 1024K, 48 young (49152K), 1 survivors (1024K)
 Metaspace       used 29449K, committed 29760K, reserved 1114112K
  class space    used 3142K, committed 3264K, reserved 1048576K
}
Event: 4.508 GC heap after
{Heap after GC invocations=13 (full 0):
 garbage-first heap   total 81920K, used 15766K [0x00000000e0000000, 0x0000000100000000)
  region size 1024K, 1 young (1024K), 1 survivors (1024K)
 Metaspace       used 29449K, committed 29760K, reserved 1114112K
  class space    used 3142K, committed 3264K, reserved 1048576K
}
Event: 4.584 GC heap before
{Heap before GC invocations=13 (full 0):
 garbage-first heap   total 81920K, used 72086K [0x00000000e0000000, 0x0000000100000000)
  region size 1024K, 48 young (49152K), 1 survivors (1024K)
 Metaspace       used 29452K, committed 29760K, reserved 1114112K
  class space    used 3142K, committed 3264K, reserved 1048576K
}
Event: 4.585 GC heap after
{Heap after GC invocations=14 (full 0):
 garbage-first heap   total 81920K, used 15769K [0x00000000e0000000, 0x0000000100000000)
  region size 1024K, 1 young (1024K), 1 survivors (1024K)
 Metaspace       used 29452K, committed 29760K, reserved 1114112K
  class space    used 3142K, committed 3264K, reserved 1048576K
}
Event: 4.660 GC heap before
{Heap before GC invocations=14 (full 0):
 garbage-first heap   total 81920K, used 72089K [0x00000000e0000000, 0x0000000100000000)
  region size 1024K, 48 young (49152K), 1 survivors (1024K)
 Metaspace       used 29452K, committed 29760K, reserved 1114112K
  class space    used 3142K, committed 3264K, reserved 1048576K
}
Event: 4.661 GC heap after
{Heap after GC invocations=15 (full 0):
 garbage-first heap   total 81920K, used 15777K [0x00000000e0000000, 0x0000000100000000)
  region size 1024K, 1 young (1024K), 1 survivors (1024K)
 Metaspace       used 29452K, committed 29760K, reserved 1114112K
  class space    used 3142K, committed 3264K, reserved 1048576K
}
Event: 5.447 GC heap before
{Heap before GC invocations=15 (full 0):
 garbage-first heap   total 81920K, used 68001K [0x00000000e0000000, 0x0000000100000000)
  region size 1024K, 48 young (49152K), 1 survivors (1024K)
 Metaspace       used 30438K, committed 30784K, reserved 1114112K
  class space    used 3230K, committed 3392K, reserved 1048576K
}
Event: 5.448 GC heap after
{Heap after GC invocations=16 (full 0):
 garbage-first heap   total 81920K, used 14703K [0x00000000e0000000, 0x0000000100000000)
  region size 1024K, 2 young (2048K), 2 survivors (2048K)
 Metaspace       used 30438K, committed 30784K, reserved 1114112K
  class space    used 3230K, committed 3392K, reserved 1048576K
}
Event: 14.991 GC heap before
{Heap before GC invocations=16 (full 0):
 garbage-first heap   total 81920K, used 63855K [0x00000000e0000000, 0x0000000100000000)
  region size 1024K, 48 young (49152K), 2 survivors (2048K)
 Metaspace       used 31224K, committed 31552K, reserved 1114112K
  class space    used 3234K, committed 3392K, reserved 1048576K
}
Event: 14.992 GC heap after
{Heap after GC invocations=17 (full 0):
 garbage-first heap   total 81920K, used 12642K [0x00000000e0000000, 0x0000000100000000)
  region size 1024K, 2 young (2048K), 2 survivors (2048K)
 Metaspace       used 31224K, committed 31552K, reserved 1114112K
  class space    used 3234K, committed 3392K, reserved 1048576K
}

