# JRE version: OpenJDK Runtime Environment (17.0.13+11) (build 17.0.13+11-Ubuntu-2ubuntu122.04)
# Java VM: OpenJDK 64-Bit Server VM (17.0.13+11-Ubuntu-2ubuntu122.04, mixed mode, sharing, tiered, compressed oops, compressed class ptrs, g1 gc, linux-amd64)
Heap:
 garbage-first heap   total 184320K, used 69097K [0x00000000e0000000, 0x0000000100000000)
  region size 1024K, 43 young (44032K), 1 survivors (1024K)
 Metaspace       used 31184K, committed 31552K, reserved 1114112K
  class space    used 3238K, committed 3392K, reserved 1048576K
GC Heap History (20 events):
Event: 3.014 GC heap before
{Heap before GC invocations=5 (full 0):
 garbage-first heap   total 40960K, used 17378K [0x00000000e0000000, 0x0000000100000000)
  region size 1024K, 7 young (7168K), 1 survivors (1024K)
 Metaspace       used 29271K, committed 29568K, reserved 1114112K
  class space    used 3128K, committed 3264K, reserved 1048576K
}
Event: 3.015 GC heap after
{Heap after GC invocations=6 (full 0):
 garbage-first heap   total 40960K, used 12425K [0x00000000e0000000, 0x0000000100000000)
  region size 1024K, 1 young (1024K), 1 survivors (1024K)
 Metaspace       used 29271K, committed 29568K, reserved 1114112K
  class space    used 3128K, committed 3264K, reserved 1048576K
}
Event: 3.144 GC heap before
{Heap before GC invocations=6 (full 0):
 garbage-first heap   total 40960K, used 32905K [0x00000000e0000000, 0x0000000100000000)
  region size 1024K, 16 young (16384K), 1 survivors (1024K)
 Metaspace       used 29281K, committed 29568K, reserved 1114112K
  class space    used 3128K, committed 3264K, reserved 1048576K
}
Event: 3.146 GC heap after
{Heap after GC invocations=7 (full 0):
 garbage-first heap   total 40960K, used 19506K [0x00000000e0000000, 0x0000000100000000)
  region size 1024K, 1 young (1024K), 1 survivors (1024K)
 Metaspace       used 29281K, committed 29568K, reserved 1114112K
  class space    used 3128K, committed 3264K, reserved 1048576K
}
Event: 3.154 GC heap before
{Heap before GC invocations=7 (full 0):
 garbage-first heap   total 40960K, used 30770K [0x00000000e0000000, 0x0000000100000000)
  region size 1024K, 12 young (12288K), 1 survivors (1024K)
 Metaspace       used 29281K, committed 29568K, reserved 1114112K
  class space    used 3128K, committed 3264K, reserved 1048576K
}
Event: 3.155 GC heap after
{Heap after GC invocations=8 (full 0):
 garbage-first heap   total 40960K, used 19500K [0x00000000e0000000, 0x0000000100000000)
  region size 1024K, 1 young (1024K), 1 survivors (1024K)
 Metaspace       used 29281K, committed 29568K, reserved 1114112K
  class space    used 3128K, committed 3264K, reserved 1048576K
}
Event: 3.164 GC heap before
{Heap before GC invocations=9 (full 0):
 garbage-first heap   total 46080K, used 30764K [0x00000000e0000000, 0x0000000100000000)
  region size 1024K, 12 young (12288K), 1 survivors (1024K)
 Metaspace       used 29281K, committed 29568K, reserved 1114112K
  class space    used 3128K, committed 3264K, reserved 1048576K
}
Event: 3.165 GC heap after
{Heap after GC invocations=10 (full 0):
 garbage-first heap   total 69632K, used 19510K [0x00000000e0000000, 0x0000000100000000)
  region size 1024K, 1 young (1024K), 1 survivors (1024K)
 Metaspace       used 29281K, committed 29568K, reserved 1114112K
  class space    used 3128K, committed 3264K, reserved 1048576K
}
Event: 3.166 GC heap before
{Heap before GC invocations=10 (full 0):
 garbage-first heap   total 69632K, used 21558K [0x00000000e0000000, 0x0000000100000000)
  region size 1024K, 3 young (3072K), 1 survivors (1024K)
 Metaspace       used 29281K, committed 29568K, reserved 1114112K
  class space    used 3128K, committed 3264K, reserved 1048576K
}
Event: 3.168 GC heap after
{Heap after GC invocations=11 (full 0):
 garbage-first heap   total 69632K, used 19006K [0x00000000e0000000, 0x0000000100000000)
  region size 1024K, 1 young (1024K), 1 survivors (1024K)
 Metaspace       used 29281K, committed 29568K, reserved 1114112K
  class space    used 3128K, committed 3264K, reserved 1048576K
}
Event: 3.291 GC heap before
{Heap before GC invocations=11 (full 0):
 garbage-first heap   total 69632K, used 62014K [0x00000000e0000000, 0x0000000100000000)
  region size 1024K, 36 young (36864K), 1 survivors (1024K)
 Metaspace       used 29281K, committed 29568K, reserved 1114112K
  class space    used 3128K, committed 3264K, reserved 1048576K
}
Event: 3.292 GC heap after
{Heap after GC invocations=12 (full 0):
 garbage-first heap   total 69632K, used 26161K [0x00000000e0000000, 0x0000000100000000)
  region size 1024K, 1 young (1024K), 1 survivors (1024K)
 Metaspace       used 29281K, committed 29568K, reserved 1114112K
  class space    used 3128K, committed 3264K, reserved 1048576K
}
Event: 3.345 GC heap before
{Heap before GC invocations=12 (full 0):
 garbage-first heap   total 69632K, used 60977K [0x00000000e0000000, 0x0000000100000000)
  region size 1024K, 31 young (31744K), 1 survivors (1024K)
 Metaspace       used 29385K, committed 29696K, reserved 1114112K
  class space    used 3139K, committed 3264K, reserved 1048576K
}
Event: 3.346 GC heap after
{Heap after GC invocations=13 (full 0):
 garbage-first heap   total 69632K, used 23093K [0x00000000e0000000, 0x0000000100000000)
  region size 1024K, 1 young (1024K), 1 survivors (1024K)
 Metaspace       used 29385K, committed 29696K, reserved 1114112K
  class space    used 3139K, committed 3264K, reserved 1048576K
}
Event: 3.386 GC heap before
{Heap before GC invocations=13 (full 0):
 garbage-first heap   total 69632K, used 60981K [0x00000000e0000000, 0x0000000100000000)
  region size 1024K, 34 young (34816K), 1 survivors (1024K)
 Metaspace       used 29385K, committed 29696K, reserved 1114112K
  class space    used 3139K, committed 3264K, reserved 1048576K
}
Event: 3.387 GC heap after
{Heap after GC invocations=14 (full 0):
 garbage-first heap   total 69632K, used 23096K [0x00000000e0000000, 0x0000000100000000)
  region size 1024K, 1 young (1024K), 1 survivors (1024K)
 Metaspace       used 29385K, committed 29696K, reserved 1114112K
  class space    used 3139K, committed 3264K, reserved 1048576K
}
Event: 3.433 GC heap before
{Heap before GC invocations=14 (full 0):
 garbage-first heap   total 69632K, used 59960K [0x00000000e0000000, 0x0000000100000000)
  region size 1024K, 34 young (34816K), 1 survivors (1024K)
 Metaspace       used 29388K, committed 29696K, reserved 1114112K
  class space    used 3139K, committed 3264K, reserved 1048576K
}
Event: 3.435 GC heap after
{Heap after GC invocations=15 (full 0):
 garbage-first heap   total 184320K, used 19015K [0x00000000e0000000, 0x0000000100000000)
  region size 1024K, 1 young (1024K), 1 survivors (1024K)
 Metaspace       used 29388K, committed 29696K, reserved 1114112K
  class space    used 3139K, committed 3264K, reserved 1048576K
}
Event: 4.159 GC heap before
{Heap before GC invocations=15 (full 0):
 garbage-first heap   total 184320K, used 142919K [0x00000000e0000000, 0x0000000100000000)
  region size 1024K, 108 young (110592K), 1 survivors (1024K)
 Metaspace       used 30381K, committed 30720K, reserved 1114112K
  class space    used 3224K, committed 3392K, reserved 1048576K
}
Event: 4.161 GC heap after
{Heap after GC invocations=16 (full 0):
 garbage-first heap   total 184320K, used 21993K [0x00000000e0000000, 0x0000000100000000)
  region size 1024K, 1 young (1024K), 1 survivors (1024K)
 Metaspace       used 30381K, committed 30720K, reserved 1114112K
  class space    used 3224K, committed 3392K, reserved 1048576K
}

