# JRE version: OpenJDK Runtime Environment (17.0.13+11) (build 17.0.13+11-Ubuntu-2ubuntu122.04)
# Java VM: OpenJDK 64-Bit Server VM (17.0.13+11-Ubuntu-2ubuntu122.04, mixed mode, sharing, tiered, compressed oops, compressed class ptrs, g1 gc, linux-amd64)
Heap:
 garbage-first heap   total 179200K, used 46956K [0x00000000e0000000, 0x0000000100000000)
  region size 1024K, 26 young (26624K), 6 survivors (6144K)
 Metaspace       used 31785K, committed 32064K, reserved 1114112K
  class space    used 3246K, committed 3392K, reserved 1048576K
GC Heap History (20 events):
Event: 22.009 GC heap before
{Heap before GC invocations=20 (full 0):
 garbage-first heap   total 92160K, used 68614K [0x00000000e0000000, 0x0000000100000000)
  region size 1024K, 54 young (55296K), 6 survivors (6144K)
 Metaspace       used 31389K, committed 31680K, reserved 1114112K
  class space    used 3240K, committed 3392K, reserved 1048576K
}
Event: 22.016 GC heap after
{Heap after GC invocations=21 (full 0):
 garbage-first heap   total 179200K, used 25840K [0x00000000e0000000, 0x0000000100000000)
  region size 1024K, 7 young (7168K), 7 survivors (7168K)
 Metaspace       used 31389K, committed 31680K, reserved 1114112K
  class space    used 3240K, committed 3392K, reserved 1048576K
}
Event: 40.600 GC heap before
{Heap before GC invocations=21 (full 0):
 garbage-first heap   total 179200K, used 126192K [0x00000000e0000000, 0x0000000100000000)
  region size 1024K, 105 young (107520K), 7 survivors (7168K)
 Metaspace       used 31505K, committed 31808K, reserved 1114112K
  class space    used 3241K, committed 3392K, reserved 1048576K
}
Event: 40.603 GC heap after
{Heap after GC invocations=22 (full 0):
 garbage-first heap   total 179200K, used 26469K [0x00000000e0000000, 0x0000000100000000)
  region size 1024K, 8 young (8192K), 8 survivors (8192K)
 Metaspace       used 31505K, committed 31808K, reserved 1114112K
  class space    used 3241K, committed 3392K, reserved 1048576K
}
Event: 60.044 GC heap before
{Heap before GC invocations=22 (full 0):
 garbage-first heap   total 179200K, used 125797K [0x00000000e0000000, 0x0000000100000000)
  region size 1024K, 105 young (107520K), 8 survivors (8192K)
 Metaspace       used 31514K, committed 31872K, reserved 1114112K
  class space    used 3241K, committed 3392K, reserved 1048576K
}
Event: 60.046 GC heap after
{Heap after GC invocations=23 (full 0):
 garbage-first heap   total 179200K, used 26739K [0x00000000e0000000, 0x0000000100000000)
  region size 1024K, 6 young (6144K), 6 survivors (6144K)
 Metaspace       used 31514K, committed 31872K, reserved 1114112K
  class space    used 3241K, committed 3392K, reserved 1048576K
}
Event: 78.834 GC heap before
{Heap before GC invocations=23 (full 0):
 garbage-first heap   total 179200K, used 128115K [0x00000000e0000000, 0x0000000100000000)
  region size 1024K, 105 young (107520K), 6 survivors (6144K)
 Metaspace       used 31588K, committed 31936K, reserved 1114112K
  class space    used 3241K, committed 3392K, reserved 1048576K
}
Event: 78.836 GC heap after
{Heap after GC invocations=24 (full 0):
 garbage-first heap   total 179200K, used 26493K [0x00000000e0000000, 0x0000000100000000)
  region size 1024K, 5 young (5120K), 5 survivors (5120K)
 Metaspace       used 31588K, committed 31936K, reserved 1114112K
  class space    used 3241K, committed 3392K, reserved 1048576K
}
Event: 99.584 GC heap before
{Heap before GC invocations=24 (full 0):
 garbage-first heap   total 179200K, used 128893K [0x00000000e0000000, 0x0000000100000000)
  region size 1024K, 105 young (107520K), 5 survivors (5120K)
 Metaspace       used 31621K, committed 31936K, reserved 1114112K
  class space    used 3241K, committed 3392K, reserved 1048576K
}
Event: 99.586 GC heap after
{Heap after GC invocations=25 (full 0):
 garbage-first heap   total 179200K, used 26435K [0x00000000e0000000, 0x0000000100000000)
  region size 1024K, 5 young (5120K), 5 survivors (5120K)
 Metaspace       used 31621K, committed 31936K, reserved 1114112K
  class space    used 3241K, committed 3392K, reserved 1048576K
}
Event: 119.738 GC heap before
{Heap before GC invocations=25 (full 0):
 garbage-first heap   total 179200K, used 128835K [0x00000000e0000000, 0x0000000100000000)
  region size 1024K, 105 young (107520K), 5 survivors (5120K)
 Metaspace       used 31653K, committed 31936K, reserved 1114112K
  class space    used 3242K, committed 3392K, reserved 1048576K
}
Event: 119.741 GC heap after
{Heap after GC invocations=26 (full 0):
 garbage-first heap   total 179200K, used 26493K [0x00000000e0000000, 0x0000000100000000)
  region size 1024K, 5 young (5120K), 5 survivors (5120K)
 Metaspace       used 31653K, committed 31936K, reserved 1114112K
  class space    used 3242K, committed 3392K, reserved 1048576K
}
Event: 138.579 GC heap before
{Heap before GC invocations=26 (full 0):
 garbage-first heap   total 179200K, used 128893K [0x00000000e0000000, 0x0000000100000000)
  region size 1024K, 105 young (107520K), 5 survivors (5120K)
 Metaspace       used 31665K, committed 32000K, reserved 1114112K
  class space    used 3242K, committed 3392K, reserved 1048576K
}
Event: 138.581 GC heap after
{Heap after GC invocations=27 (full 0):
 garbage-first heap   total 179200K, used 26464K [0x00000000e0000000, 0x0000000100000000)
  region size 1024K, 5 young (5120K), 5 survivors (5120K)
 Metaspace       used 31665K, committed 32000K, reserved 1114112K
  class space    used 3242K, committed 3392K, reserved 1048576K
}
Event: 158.123 GC heap before
{Heap before GC invocations=27 (full 0):
 garbage-first heap   total 179200K, used 128864K [0x00000000e0000000, 0x0000000100000000)
  region size 1024K, 105 young (107520K), 5 survivors (5120K)
 Metaspace       used 31707K, committed 32000K, reserved 1114112K
  class space    used 3242K, committed 3392K, reserved 1048576K
}
Event: 158.125 GC heap after
{Heap after GC invocations=28 (full 0):
 garbage-first heap   total 179200K, used 26572K [0x00000000e0000000, 0x0000000100000000)
  region size 1024K, 6 young (6144K), 6 survivors (6144K)
 Metaspace       used 31707K, committed 32000K, reserved 1114112K
  class space    used 3242K, committed 3392K, reserved 1048576K
}
Event: 176.631 GC heap before
{Heap before GC invocations=28 (full 0):
 garbage-first heap   total 179200K, used 127948K [0x00000000e0000000, 0x0000000100000000)
  region size 1024K, 105 young (107520K), 6 survivors (6144K)
 Metaspace       used 31711K, committed 32000K, reserved 1114112K
  class space    used 3242K, committed 3392K, reserved 1048576K
}
Event: 176.633 GC heap after
{Heap after GC invocations=29 (full 0):
 garbage-first heap   total 179200K, used 26557K [0x00000000e0000000, 0x0000000100000000)
  region size 1024K, 6 young (6144K), 6 survivors (6144K)
 Metaspace       used 31711K, committed 32000K, reserved 1114112K
  class space    used 3242K, committed 3392K, reserved 1048576K
}
Event: 196.982 GC heap before
{Heap before GC invocations=29 (full 0):
 garbage-first heap   total 179200K, used 127933K [0x00000000e0000000, 0x0000000100000000)
  region size 1024K, 105 young (107520K), 6 survivors (6144K)
 Metaspace       used 31730K, committed 32064K, reserved 1114112K
  class space    used 3242K, committed 3392K, reserved 1048576K
}
Event: 196.985 GC heap after
{Heap after GC invocations=30 (full 0):
 garbage-first heap   total 179200K, used 26703K [0x00000000e0000000, 0x0000000100000000)
  region size 1024K, 6 young (6144K), 6 survivors (6144K)
 Metaspace       used 31730K, committed 32064K, reserved 1114112K
  class space    used 3242K, committed 3392K, reserved 1048576K
}

